<?xml version="1.0" encoding="UTF-8"?>
<coverage generated="1704959521516" clover="3.2.0">
  <project timestamp="1704959521517" name="All files">
    <metrics statements="30" coveredstatements="29" conditionals="10" coveredconditionals="9" methods="6" coveredmethods="6" elements="46" coveredelements="44" complexity="0" loc="30" ncloc="30" packages="2" files="3" classes="3"/>
    <package name="bin">
      <metrics statements="29" coveredstatements="28" conditionals="10" coveredconditionals="9" methods="6" coveredmethods="6"/>
      <file name="fileParse.js" path="E:\project\Project_2\bin\fileParse.js">
        <metrics statements="11" coveredstatements="10" conditionals="4" coveredconditionals="3" methods="3" coveredmethods="3"/>
        <line num="5" count="1" type="stmt"/>
        <line num="6" count="4" type="stmt"/>
        <line num="7" count="4" type="stmt"/>
        <line num="8" count="4" type="stmt"/>
        <line num="9" count="4" type="stmt"/>
        <line num="10" count="14" type="stmt"/>
        <line num="12" count="4" type="stmt"/>
        <line num="15" count="1" type="stmt"/>
        <line num="16" count="4" type="cond" truecount="3" falsecount="1"/>
        <line num="17" count="4" type="stmt"/>
        <line num="19" count="0" type="stmt"/>
      </file>
      <file name="getDifference.js" path="E:\project\Project_2\bin\getDifference.js">
        <metrics statements="18" coveredstatements="18" conditionals="6" coveredconditionals="6" methods="3" coveredmethods="3"/>
        <line num="3" count="1" type="stmt"/>
        <line num="4" count="2" type="stmt"/>
        <line num="5" count="2" type="stmt"/>
        <line num="6" count="2" type="stmt"/>
        <line num="7" count="2" type="stmt"/>
        <line num="9" count="2" type="stmt"/>
        <line num="11" count="8" type="cond" truecount="2" falsecount="0"/>
        <line num="13" count="4" type="cond" truecount="2" falsecount="0"/>
        <line num="14" count="2" type="stmt"/>
        <line num="17" count="2" type="stmt"/>
        <line num="18" count="2" type="stmt"/>
        <line num="22" count="4" type="stmt"/>
        <line num="26" count="2" type="stmt"/>
        <line num="27" count="2" type="stmt"/>
        <line num="28" count="6" type="cond" truecount="2" falsecount="0"/>
        <line num="29" count="2" type="stmt"/>
        <line num="32" count="2" type="stmt"/>
        <line num="33" count="2" type="stmt"/>
      </file>
    </package>
    <package name="bin.__fixtures__">
      <metrics statements="1" coveredstatements="1" conditionals="0" coveredconditionals="0" methods="0" coveredmethods="0"/>
      <file name="expectedfile.js" path="E:\project\Project_2\bin\__fixtures__\expectedfile.js">
        <metrics statements="1" coveredstatements="1" conditionals="0" coveredconditionals="0" methods="0" coveredmethods="0"/>
        <line num="1" count="1" type="stmt"/>
      </file>
    </package>
  </project>
</coverage>
