{"E:\\project\\Project_2\\bin\\fileParse.js": {"path":"E:\\project\\Project_2\\bin\\fileParse.js","statementMap":{"0":{"start":{"line":5,"column":17},"end":{"line":13,"column":1}},"1":{"start":{"line":6,"column":15},"end":{"line":6,"column":40}},"2":{"start":{"line":7,"column":21},"end":{"line":7,"column":32}},"3":{"start":{"line":8,"column":24},"end":{"line":8,"column":26}},"4":{"start":{"line":9,"column":3},"end":{"line":11,"column":5}},"5":{"start":{"line":10,"column":5},"end":{"line":10,"column":43}},"6":{"start":{"line":12,"column":3},"end":{"line":12,"column":23}},"7":{"start":{"line":15,"column":18},"end":{"line":20,"column":3}},"8":{"start":{"line":16,"column":2},"end":{"line":18,"column":3}},"9":{"start":{"line":17,"column":4},"end":{"line":17,"column":63}},"10":{"start":{"line":19,"column":2},"end":{"line":19,"column":63}}},"fnMap":{"0":{"name":"(anonymous_0)","decl":{"start":{"line":5,"column":17},"end":{"line":5,"column":18}},"loc":{"start":{"line":5,"column":35},"end":{"line":13,"column":1}},"line":5},"1":{"name":"(anonymous_1)","decl":{"start":{"line":9,"column":22},"end":{"line":9,"column":23}},"loc":{"start":{"line":9,"column":31},"end":{"line":11,"column":3}},"line":9},"2":{"name":"(anonymous_2)","decl":{"start":{"line":15,"column":18},"end":{"line":15,"column":19}},"loc":{"start":{"line":15,"column":32},"end":{"line":20,"column":3}},"line":15}},"branchMap":{"0":{"loc":{"start":{"line":16,"column":2},"end":{"line":18,"column":3}},"type":"if","locations":[{"start":{"line":16,"column":2},"end":{"line":18,"column":3}},{"start":{},"end":{}}],"line":16},"1":{"loc":{"start":{"line":16,"column":6},"end":{"line":16,"column":50}},"type":"binary-expr","locations":[{"start":{"line":16,"column":6},"end":{"line":16,"column":40}},{"start":{"line":16,"column":44},"end":{"line":16,"column":50}}],"line":16}},"s":{"0":1,"1":4,"2":4,"3":4,"4":4,"5":14,"6":4,"7":1,"8":4,"9":4,"10":0},"f":{"0":4,"1":14,"2":4},"b":{"0":[4,0],"1":[4,3]},"_coverageSchema":"1a1c01bbd47fc00a2c39e90264f33305004495a9","hash":"c6a51f46e0870107e526d9900a689c3d676dc2ab"}
,"E:\\project\\Project_2\\bin\\getDifference.js": {"path":"E:\\project\\Project_2\\bin\\getDifference.js","statementMap":{"0":{"start":{"line":3,"column":22},"end":{"line":34,"column":1}},"1":{"start":{"line":4,"column":15},"end":{"line":4,"column":17}},"2":{"start":{"line":5,"column":22},"end":{"line":5,"column":38}},"3":{"start":{"line":6,"column":22},"end":{"line":6,"column":38}},"4":{"start":{"line":7,"column":16},"end":{"line":7,"column":43}},"5":{"start":{"line":9,"column":2},"end":{"line":24,"column":5}},"6":{"start":{"line":11,"column":4},"end":{"line":23,"column":5}},"7":{"start":{"line":13,"column":6},"end":{"line":19,"column":7}},"8":{"start":{"line":14,"column":8},"end":{"line":14,"column":51}},"9":{"start":{"line":17,"column":8},"end":{"line":17,"column":51}},"10":{"start":{"line":18,"column":8},"end":{"line":18,"column":62}},"11":{"start":{"line":22,"column":6},"end":{"line":22,"column":49}},"12":{"start":{"line":26,"column":17},"end":{"line":26,"column":44}},"13":{"start":{"line":27,"column":2},"end":{"line":31,"column":5}},"14":{"start":{"line":28,"column":4},"end":{"line":30,"column":5}},"15":{"start":{"line":29,"column":6},"end":{"line":29,"column":49}},"16":{"start":{"line":32,"column":2},"end":{"line":32,"column":27}},"17":{"start":{"line":33,"column":2},"end":{"line":33,"column":16}}},"fnMap":{"0":{"name":"(anonymous_0)","decl":{"start":{"line":3,"column":22},"end":{"line":3,"column":23}},"loc":{"start":{"line":3,"column":40},"end":{"line":34,"column":1}},"line":3},"1":{"name":"(anonymous_1)","decl":{"start":{"line":9,"column":16},"end":{"line":9,"column":17}},"loc":{"start":{"line":9,"column":34},"end":{"line":24,"column":3}},"line":9},"2":{"name":"(anonymous_2)","decl":{"start":{"line":27,"column":17},"end":{"line":27,"column":18}},"loc":{"start":{"line":27,"column":35},"end":{"line":31,"column":3}},"line":27}},"branchMap":{"0":{"loc":{"start":{"line":11,"column":4},"end":{"line":23,"column":5}},"type":"if","locations":[{"start":{"line":11,"column":4},"end":{"line":23,"column":5}},{"start":{"line":20,"column":11},"end":{"line":23,"column":5}}],"line":11},"1":{"loc":{"start":{"line":13,"column":6},"end":{"line":19,"column":7}},"type":"if","locations":[{"start":{"line":13,"column":6},"end":{"line":19,"column":7}},{"start":{"line":15,"column":13},"end":{"line":19,"column":7}}],"line":13},"2":{"loc":{"start":{"line":28,"column":4},"end":{"line":30,"column":5}},"type":"if","locations":[{"start":{"line":28,"column":4},"end":{"line":30,"column":5}},{"start":{},"end":{}}],"line":28}},"s":{"0":1,"1":2,"2":2,"3":2,"4":2,"5":2,"6":8,"7":4,"8":2,"9":2,"10":2,"11":4,"12":2,"13":2,"14":6,"15":2,"16":2,"17":2},"f":{"0":2,"1":8,"2":6},"b":{"0":[4,4],"1":[2,2],"2":[2,4]},"_coverageSchema":"1a1c01bbd47fc00a2c39e90264f33305004495a9","hash":"e5d0b7afa591821dfdb9edfdb9d136cc48c7d11e"}
,"E:\\project\\Project_2\\bin\\__fixtures__\\expectedfile.js": {"path":"E:\\project\\Project_2\\bin\\__fixtures__\\expectedfile.js","statementMap":{"0":{"start":{"line":1,"column":17},"end":{"line":1,"column":142}}},"fnMap":{},"branchMap":{},"s":{"0":1},"f":{},"b":{},"_coverageSchema":"1a1c01bbd47fc00a2c39e90264f33305004495a9","hash":"3807a7814d8499c4357a9ff8e0bb050e817f60e1"}
}
