TN:
SF:bin\fileParse.js
FN:5,(anonymous_0)
FN:9,(anonymous_1)
FN:15,(anonymous_2)
FNF:3
FNH:3
FNDA:4,(anonymous_0)
FNDA:14,(anonymous_1)
FNDA:4,(anonymous_2)
DA:5,1
DA:6,4
DA:7,4
DA:8,4
DA:9,4
DA:10,14
DA:12,4
DA:15,1
DA:16,4
DA:17,4
DA:19,0
LF:11
LH:10
BRDA:16,0,0,4
BRDA:16,0,1,0
BRDA:16,1,0,4
BRDA:16,1,1,3
BRF:4
BRH:3
end_of_record
TN:
SF:bin\getDifference.js
FN:3,(anonymous_0)
FN:9,(anonymous_1)
FN:27,(anonymous_2)
FNF:3
FNH:3
FNDA:2,(anonymous_0)
FNDA:8,(anonymous_1)
FNDA:6,(anonymous_2)
DA:3,1
DA:4,2
DA:5,2
DA:6,2
DA:7,2
DA:9,2
DA:11,8
DA:13,4
DA:14,2
DA:17,2
DA:18,2
DA:22,4
DA:26,2
DA:27,2
DA:28,6
DA:29,2
DA:32,2
DA:33,2
LF:18
LH:18
BRDA:11,0,0,4
BRDA:11,0,1,4
BRDA:13,1,0,2
BRDA:13,1,1,2
BRDA:28,2,0,2
BRDA:28,2,1,4
BRF:6
BRH:6
end_of_record
TN:
SF:bin\__fixtures__\expectedfile.js
FNF:0
FNH:0
DA:1,1
LF:1
LH:1
BRF:0
BRH:0
end_of_record
